-------------------------------------------------------------------------------
Test set: site.nomoreparties.stellarburgers.YandexTests.RegistrationYandexTest
-------------------------------------------------------------------------------
Tests run: 2, Failures: 0, Errors: 2, Skipped: 0, Time elapsed: 0.004 s <<< FAILURE! - in site.nomoreparties.stellarburgers.YandexTests.RegistrationYandexTest
testSuccsessReistrationUser(site.nomoreparties.stellarburgers.YandexTests.RegistrationYandexTest)  Time elapsed: 0.002 s  <<< ERROR!
org.openqa.selenium.remote.NoSuchDriverException: 
Unable to obtain: chromedriver, error chromedriver must exist: C:\Users\dabre\Diplom_3-WEB-Tests\src\resources\yandexdriver.exe
For documentation on this error, please visit: https://www.selenium.dev/documentation/webdriver/troubleshooting/errors/driver_location/
Build info: version: '4.20.0', revision: '866c76ca80'
System info: os.name: 'Windows 10', os.arch: 'amd64', os.version: '10.0', java.version: '17.0.11'
Driver info: driver.version: SelenideDriver
selenide.url: https://stellarburgers.nomoreparties.site/
selenide.baseUrl: http://localhost:8080
	at site.nomoreparties.stellarburgers.YandexTests.RegistrationYandexTest.setUp(RegistrationYandexTest.java:26)
Caused by: java.lang.IllegalStateException: chromedriver must exist: C:\Users\dabre\Diplom_3-WEB-Tests\src\resources\yandexdriver.exe
	at site.nomoreparties.stellarburgers.YandexTests.RegistrationYandexTest.setUp(RegistrationYandexTest.java:26)

wrongReistrationUser(site.nomoreparties.stellarburgers.YandexTests.RegistrationYandexTest)  Time elapsed: 0.002 s  <<< ERROR!
org.openqa.selenium.remote.NoSuchDriverException: 
Unable to obtain: chromedriver, error chromedriver must exist: C:\Users\dabre\Diplom_3-WEB-Tests\src\resources\yandexdriver.exe
For documentation on this error, please visit: https://www.selenium.dev/documentation/webdriver/troubleshooting/errors/driver_location/
Build info: version: '4.20.0', revision: '866c76ca80'
System info: os.name: 'Windows 10', os.arch: 'amd64', os.version: '10.0', java.version: '17.0.11'
Driver info: driver.version: SelenideDriver
selenide.url: https://stellarburgers.nomoreparties.site/
selenide.baseUrl: http://localhost:8080
	at site.nomoreparties.stellarburgers.YandexTests.RegistrationYandexTest.setUp(RegistrationYandexTest.java:26)
Caused by: java.lang.IllegalStateException: chromedriver must exist: C:\Users\dabre\Diplom_3-WEB-Tests\src\resources\yandexdriver.exe
	at site.nomoreparties.stellarburgers.YandexTests.RegistrationYandexTest.setUp(RegistrationYandexTest.java:26)

