-------------------------------------------------------------------------------
Test set: site.nomoreparties.stellarburgers.YandexTests.AuthUserPersonalProfileYandexTest
-------------------------------------------------------------------------------
Tests run: 8, Failures: 4, Errors: 4, Skipped: 0, Time elapsed: 0.725 s <<< FAILURE! - in site.nomoreparties.stellarburgers.YandexTests.AuthUserPersonalProfileYandexTest
testGoToMainPageIfClicLogoFromPersonalProfile(site.nomoreparties.stellarburgers.YandexTests.AuthUserPersonalProfileYandexTest)  Time elapsed: 0.169 s  <<< ERROR!
org.openqa.selenium.remote.NoSuchDriverException: 
Unable to obtain: chromedriver, error chromedriver must exist: C:\Users\dabre\Diplom_3-WEB-Tests\src\resources\yandexdriver.exe
For documentation on this error, please visit: https://www.selenium.dev/documentation/webdriver/troubleshooting/errors/driver_location/
Build info: version: '4.20.0', revision: '866c76ca80'
System info: os.name: 'Windows 10', os.arch: 'amd64', os.version: '10.0', java.version: '17.0.11'
Driver info: driver.version: SelenideDriver
selenide.url: https://stellarburgers.nomoreparties.site/
selenide.baseUrl: http://localhost:8080
	at site.nomoreparties.stellarburgers.YandexTests.AuthUserPersonalProfileYandexTest.setUp(AuthUserPersonalProfileYandexTest.java:34)
Caused by: java.lang.IllegalStateException: chromedriver must exist: C:\Users\dabre\Diplom_3-WEB-Tests\src\resources\yandexdriver.exe
	at site.nomoreparties.stellarburgers.YandexTests.AuthUserPersonalProfileYandexTest.setUp(AuthUserPersonalProfileYandexTest.java:34)

testGoToMainPageIfClicLogoFromPersonalProfile(site.nomoreparties.stellarburgers.YandexTests.AuthUserPersonalProfileYandexTest)  Time elapsed: 0.171 s  <<< FAILURE!
java.lang.AssertionError: 
1 expectation failed.
Expected status code <202> but was <404>.

	at site.nomoreparties.stellarburgers.YandexTests.AuthUserPersonalProfileYandexTest.tearDown(AuthUserPersonalProfileYandexTest.java:45)

testGoToConstructorFromPersonalProfile(site.nomoreparties.stellarburgers.YandexTests.AuthUserPersonalProfileYandexTest)  Time elapsed: 0.161 s  <<< ERROR!
org.openqa.selenium.remote.NoSuchDriverException: 
Unable to obtain: chromedriver, error chromedriver must exist: C:\Users\dabre\Diplom_3-WEB-Tests\src\resources\yandexdriver.exe
For documentation on this error, please visit: https://www.selenium.dev/documentation/webdriver/troubleshooting/errors/driver_location/
Build info: version: '4.20.0', revision: '866c76ca80'
System info: os.name: 'Windows 10', os.arch: 'amd64', os.version: '10.0', java.version: '17.0.11'
Driver info: driver.version: SelenideDriver
selenide.url: https://stellarburgers.nomoreparties.site/
selenide.baseUrl: http://localhost:8080
	at site.nomoreparties.stellarburgers.YandexTests.AuthUserPersonalProfileYandexTest.setUp(AuthUserPersonalProfileYandexTest.java:34)
Caused by: java.lang.IllegalStateException: chromedriver must exist: C:\Users\dabre\Diplom_3-WEB-Tests\src\resources\yandexdriver.exe
	at site.nomoreparties.stellarburgers.YandexTests.AuthUserPersonalProfileYandexTest.setUp(AuthUserPersonalProfileYandexTest.java:34)

testGoToConstructorFromPersonalProfile(site.nomoreparties.stellarburgers.YandexTests.AuthUserPersonalProfileYandexTest)  Time elapsed: 0.161 s  <<< FAILURE!
java.lang.AssertionError: 
1 expectation failed.
Expected status code <202> but was <404>.

	at site.nomoreparties.stellarburgers.YandexTests.AuthUserPersonalProfileYandexTest.tearDown(AuthUserPersonalProfileYandexTest.java:45)

testExitFromPersonalProfile(site.nomoreparties.stellarburgers.YandexTests.AuthUserPersonalProfileYandexTest)  Time elapsed: 0.156 s  <<< ERROR!
org.openqa.selenium.remote.NoSuchDriverException: 
Unable to obtain: chromedriver, error chromedriver must exist: C:\Users\dabre\Diplom_3-WEB-Tests\src\resources\yandexdriver.exe
For documentation on this error, please visit: https://www.selenium.dev/documentation/webdriver/troubleshooting/errors/driver_location/
Build info: version: '4.20.0', revision: '866c76ca80'
System info: os.name: 'Windows 10', os.arch: 'amd64', os.version: '10.0', java.version: '17.0.11'
Driver info: driver.version: SelenideDriver
selenide.url: https://stellarburgers.nomoreparties.site/
selenide.baseUrl: http://localhost:8080
	at site.nomoreparties.stellarburgers.YandexTests.AuthUserPersonalProfileYandexTest.setUp(AuthUserPersonalProfileYandexTest.java:34)
Caused by: java.lang.IllegalStateException: chromedriver must exist: C:\Users\dabre\Diplom_3-WEB-Tests\src\resources\yandexdriver.exe
	at site.nomoreparties.stellarburgers.YandexTests.AuthUserPersonalProfileYandexTest.setUp(AuthUserPersonalProfileYandexTest.java:34)

testExitFromPersonalProfile(site.nomoreparties.stellarburgers.YandexTests.AuthUserPersonalProfileYandexTest)  Time elapsed: 0.156 s  <<< FAILURE!
java.lang.AssertionError: 
1 expectation failed.
Expected status code <202> but was <404>.

	at site.nomoreparties.stellarburgers.YandexTests.AuthUserPersonalProfileYandexTest.tearDown(AuthUserPersonalProfileYandexTest.java:45)

testEnterPersonalProfile(site.nomoreparties.stellarburgers.YandexTests.AuthUserPersonalProfileYandexTest)  Time elapsed: 0.235 s  <<< ERROR!
org.openqa.selenium.remote.NoSuchDriverException: 
Unable to obtain: chromedriver, error chromedriver must exist: C:\Users\dabre\Diplom_3-WEB-Tests\src\resources\yandexdriver.exe
For documentation on this error, please visit: https://www.selenium.dev/documentation/webdriver/troubleshooting/errors/driver_location/
Build info: version: '4.20.0', revision: '866c76ca80'
System info: os.name: 'Windows 10', os.arch: 'amd64', os.version: '10.0', java.version: '17.0.11'
Driver info: driver.version: SelenideDriver
selenide.url: https://stellarburgers.nomoreparties.site/
selenide.baseUrl: http://localhost:8080
	at site.nomoreparties.stellarburgers.YandexTests.AuthUserPersonalProfileYandexTest.setUp(AuthUserPersonalProfileYandexTest.java:34)
Caused by: java.lang.IllegalStateException: chromedriver must exist: C:\Users\dabre\Diplom_3-WEB-Tests\src\resources\yandexdriver.exe
	at site.nomoreparties.stellarburgers.YandexTests.AuthUserPersonalProfileYandexTest.setUp(AuthUserPersonalProfileYandexTest.java:34)

testEnterPersonalProfile(site.nomoreparties.stellarburgers.YandexTests.AuthUserPersonalProfileYandexTest)  Time elapsed: 0.235 s  <<< FAILURE!
java.lang.AssertionError: 
1 expectation failed.
Expected status code <202> but was <404>.

	at site.nomoreparties.stellarburgers.YandexTests.AuthUserPersonalProfileYandexTest.tearDown(AuthUserPersonalProfileYandexTest.java:45)

